2024-02-20 16:02:04,288 [main] INFO Banking Application - Chrome browser launched successfully!
2024-02-20 16:02:05,092 [main] INFO Banking Application - Browser Maximized Successfully!
2024-02-20 16:02:12,731 [main] INFO Banking Application - Url Opened Successfully!
2024-02-20 16:03:48,875 [main] INFO Banking Application - Chrome browser launched successfully!
2024-02-20 16:03:49,590 [main] INFO Banking Application - Browser Maximized Successfully!
2024-02-20 16:03:57,961 [main] INFO Banking Application - Url Opened Successfully!
2024-02-20 16:04:01,924 [main] INFO Banking Application - Browser Closed Successfully!
2024-02-20 16:38:08,319 [main] INFO Banking Application - Chromebrowser launched successfully!
2024-02-20 16:38:09,020 [main] INFO Banking Application - Browser Maximized Successfully!
2024-02-20 16:38:10,826 [main] INFO Banking Application - Url Opened Successfully!
2024-02-20 16:38:15,284 [main] INFO Banking Application - Browser Closed Successfully!
2024-02-20 16:39:14,559 [main] INFO Banking Application - Chrome browser launched successfully!
2024-02-20 16:39:15,134 [main] INFO Banking Application - Browser Maximized Successfully!
2024-02-20 16:39:18,074 [main] INFO Banking Application - Url Opened Successfully!
2024-02-20 16:39:22,664 [main] INFO Banking Application - Browser Closed Successfully!
2024-02-20 16:40:19,540 [main] INFO Banking Application - Chrome browser launched successfully!
2024-02-20 16:40:19,808 [main] INFO Banking Application - Browser Maximized Successfully!
2024-02-20 16:40:21,492 [main] INFO Banking Application - https://www.way2automation.com/angularjs-protractor/banking/#/login : Url Opened Successfully!
2024-02-20 16:40:25,432 [main] INFO Banking Application - Browser Closed Successfully!
2024-02-20 18:02:02,470 [main] INFO Banking Application - Chrome browser launched successfully!
2024-02-20 18:02:02,831 [main] INFO Banking Application - Browser Maximized Successfully!
2024-02-20 18:02:10,651 [main] INFO Banking Application - https://www.way2automation.com/angularjs-protractor/banking/#/login : Url Opened Successfully!
2024-02-20 18:02:14,836 [main] INFO Banking Application - Browser Closed Successfully!
2024-02-20 18:06:11,159 [main] INFO Banking Application - FireFox browser launched successfully!
2024-02-20 18:06:11,327 [main] INFO Banking Application - Browser Maximized Successfully!
2024-02-20 18:06:24,399 [main] INFO Banking Application - https://www.way2automation.com/angularjs-protractor/banking/#/login : Url Opened Successfully!
2024-02-20 18:06:33,741 [main] INFO Banking Application - Browser Closed Successfully!
2024-02-20 18:08:15,473 [main] INFO Banking Application - FireFox browser launched successfully!
2024-02-20 18:08:16,319 [main] INFO Banking Application - Browser Maximized Successfully!
2024-02-20 18:08:21,738 [main] INFO Banking Application - https://www.way2automation.com/angularjs-protractor/banking/#/login : Url Opened Successfully!
2024-02-20 18:08:30,672 [main] INFO Banking Application - Browser Closed Successfully!
2024-02-20 18:08:49,411 [main] INFO Banking Application - FireFox browser launched successfully!
2024-02-20 18:08:49,568 [main] INFO Banking Application - Browser Maximized Successfully!
2024-02-20 18:08:57,586 [main] INFO Banking Application - https://www.way2automation.com/angularjs-protractor/banking/#/login : Url Opened Successfully!
2024-02-20 18:09:04,600 [main] INFO Banking Application - Browser Closed Successfully!
2024-02-20 18:31:07,444 [main] INFO Banking Application - Chrome browser launched successfully!
2024-02-20 18:31:07,697 [main] INFO Banking Application - Browser Maximized Successfully!
2024-02-20 18:31:11,298 [main] INFO Banking Application - https://www.way2automation.com/angularjs-protractor/banking/#/login : Url Opened Successfully!
2024-02-20 18:31:11,712 [main] INFO Banking Application - Successfully Clicked On Bank Manager Login Button!
2024-02-20 18:31:12,029 [main] INFO Banking Application - Successfully Clicked On Add Customer Button!
2024-02-20 18:31:12,175 [main] INFO Banking Application - Successfully Launched To Fill Customers Details!
2024-02-20 18:31:15,826 [main] INFO Banking Application - Browser Closed Successfully!
2024-02-20 18:37:19,505 [main] INFO Banking Application - Chrome browser launched successfully!
2024-02-20 18:37:19,938 [main] INFO Banking Application - Browser Maximized Successfully!
2024-02-20 18:37:24,636 [main] INFO Banking Application - https://www.way2automation.com/angularjs-protractor/banking/#/login : Url Opened Successfully!
2024-02-20 18:37:25,381 [main] INFO Banking Application - Successfully Clicked On Bank Manager Login Button!
2024-02-20 18:37:25,600 [main] INFO Banking Application - Successfully Clicked On Add Customer Button!
2024-02-20 18:37:30,442 [main] INFO Banking Application - Browser Closed Successfully!
2024-02-20 18:38:13,521 [main] INFO Banking Application - Chrome browser launched successfully!
2024-02-20 18:38:13,808 [main] INFO Banking Application - Browser Maximized Successfully!
2024-02-20 18:38:16,873 [main] INFO Banking Application - https://www.way2automation.com/angularjs-protractor/banking/#/login : Url Opened Successfully!
2024-02-20 18:38:17,336 [main] INFO Banking Application - Successfully Clicked On Bank Manager Login Button!
2024-02-20 18:38:17,843 [main] INFO Banking Application - Successfully Clicked On Add Customer Button!
2024-02-20 18:38:18,020 [main] INFO Banking Application - Successfully Launched To Fill Customers Details!
2024-02-20 18:38:21,957 [main] INFO Banking Application - Browser Closed Successfully!
2024-02-20 18:39:46,915 [main] INFO Banking Application - Chrome browser launched successfully!
2024-02-20 18:39:47,276 [main] INFO Banking Application - Browser Maximized Successfully!
2024-02-20 18:39:48,419 [main] INFO Banking Application - https://www.way2automation.com/angularjs-protractor/banking/#/login : Url Opened Successfully!
2024-02-20 18:41:01,389 [main] INFO Banking Application - Chrome browser launched successfully!
2024-02-20 18:41:01,747 [main] INFO Banking Application - Browser Maximized Successfully!
2024-02-20 18:41:07,747 [main] INFO Banking Application - https://www.way2automation.com/angularjs-protractor/banking/#/login : Url Opened Successfully!
2024-02-20 18:41:08,214 [main] INFO Banking Application - Successfully Clicked On Bank Manager Login Button!
2024-02-20 18:41:08,357 [main] INFO Banking Application - Successfully Clicked On Add Customer Button!
2024-02-20 18:41:08,502 [main] INFO Banking Application - Successfully Launched To Fill Customers Details!
2024-02-20 18:41:12,794 [main] INFO Banking Application - Browser Closed Successfully!
2024-02-20 20:26:40,417 [main] INFO Banking Application - Chrome browser launched successfully!
2024-02-20 20:26:40,689 [main] INFO Banking Application - Browser Maximized Successfully!
2024-02-20 20:26:42,887 [main] INFO Banking Application - https://www.way2automation.com/angularjs-protractor/banking/#/login : Url Opened Successfully!
2024-02-20 20:26:43,508 [main] INFO Banking Application - Successfully Clicked On Bank Manager Login Button!
2024-02-20 20:26:45,812 [main] INFO Banking Application - Browser Closed Successfully!
2024-02-20 20:28:48,874 [main] INFO Banking Application - Chrome browser launched successfully!
2024-02-20 20:28:49,132 [main] INFO Banking Application - Browser Maximized Successfully!
2024-02-20 20:28:50,394 [main] INFO Banking Application - https://www.way2automation.com/angularjs-protractor/banking/#/login : Url Opened Successfully!
2024-02-20 20:28:53,952 [main] INFO Banking Application - Successfully Clicked On Bank Manager Login Button!
2024-02-20 20:28:54,109 [main] INFO Banking Application - Successfully Clicked On Add Customer Button!
2024-02-20 20:28:54,309 [main] INFO Banking Application - Successfully Launched To Fill Customers Details!
2024-02-20 20:28:56,981 [main] INFO Banking Application - Browser Closed Successfully!
2024-02-21 15:19:53,182 [main] INFO Banking Application - Chrome browser launched successfully!
2024-02-21 15:19:53,552 [main] INFO Banking Application - Browser Maximized Successfully!
2024-02-21 15:19:58,453 [main] INFO Banking Application - https://www.way2automation.com/angularjs-protractor/banking/#/login : Url Opened Successfully!
2024-02-21 15:20:02,792 [main] INFO Banking Application - Successfully Clicked On Bank Manager Login Button!
2024-02-21 15:20:03,451 [main] INFO Banking Application - Successfully Clicked On Add Customer Button!
2024-02-21 15:20:03,956 [main] INFO Banking Application - Successfully Launched To Fill Customers Details!
2024-02-21 15:20:09,213 [main] INFO Banking Application - Browser Closed Successfully!
2024-02-21 18:37:11,850 [main] INFO Banking Application - Chrome browser launched successfully!
2024-02-21 18:37:12,142 [main] INFO Banking Application - Browser Maximized Successfully!
2024-02-21 18:37:14,680 [main] INFO Banking Application - https://www.way2automation.com/angularjs-protractor/banking/#/login : Url Opened Successfully!
2024-02-21 18:37:19,776 [main] INFO Banking Application - Successfully Clicked On Bank Manager Login Button!
2024-02-21 18:37:23,342 [main] INFO Banking Application - Browser Closed Successfully!
2024-02-25 18:55:33,612 [main] INFO Banking Application - Chrome browser launched successfully!
2024-02-25 18:55:34,026 [main] INFO Banking Application - Browser Maximized Successfully!
2024-02-25 18:55:36,188 [main] INFO Banking Application - https://www.way2automation.com/angularjs-protractor/banking/#/login : Url Opened Successfully!
2024-02-25 18:55:40,347 [main] INFO Banking Application - Successfully Clicked On Bank Manager Login Button!
2024-02-25 18:55:41,504 [main] INFO Banking Application - Successfully Clicked On Add Customer Button!
2024-02-25 18:55:42,525 [main] INFO Banking Application - Successfully Launched To Fill Customers Details!
2024-02-25 18:55:57,278 [main] INFO Banking Application - Browser Closed Successfully!
2024-02-25 19:06:45,378 [main] INFO Banking Application - Chrome browser launched successfully!
2024-02-25 19:06:46,048 [main] INFO Banking Application - Browser Maximized Successfully!
2024-02-25 19:06:49,672 [main] INFO Banking Application - https://www.way2automation.com/angularjs-protractor/banking/#/login : Url Opened Successfully!
2024-02-25 19:06:53,441 [main] INFO Banking Application - Successfully Clicked On Bank Manager Login Button!
2024-02-25 19:07:07,566 [main] INFO Banking Application - Browser Closed Successfully!
2024-02-25 19:14:53,303 [main] INFO Banking Application - Chrome browser launched successfully!
2024-02-25 19:14:53,768 [main] INFO Banking Application - Browser Maximized Successfully!
2024-02-25 19:14:55,817 [main] INFO Banking Application - https://www.way2automation.com/angularjs-protractor/banking/#/login : Url Opened Successfully!
2024-02-25 19:14:59,574 [main] INFO Banking Application - Successfully Clicked On Bank Manager Login Button!
2024-02-25 19:14:59,888 [main] INFO Banking Application - Successfully Clicked On Add Customer Button!
2024-02-25 19:15:02,894 [main] INFO Banking Application - Browser Closed Successfully!
2024-02-25 19:30:32,309 [main] INFO Banking Application - Chrome browser launched successfully!
2024-02-25 19:30:32,893 [main] INFO Banking Application - Browser Maximized Successfully!
2024-02-25 19:30:35,200 [main] INFO Banking Application - https://www.way2automation.com/angularjs-protractor/banking/#/login : Url Opened Successfully!
2024-02-25 19:30:40,579 [main] INFO Banking Application - Successfully Clicked On Bank Manager Login Button!
2024-02-25 19:30:40,906 [main] INFO Banking Application - Successfully Clicked On Add Customer Button!
2024-02-25 19:30:43,569 [main] INFO Banking Application - Browser Closed Successfully!
2024-02-25 19:39:00,971 [main] INFO Banking Application - Chrome browser launched successfully!
2024-02-25 19:39:01,220 [main] INFO Banking Application - Browser Maximized Successfully!
2024-02-25 19:39:02,850 [main] INFO Banking Application - https://www.way2automation.com/angularjs-protractor/banking/#/login : Url Opened Successfully!
2024-02-25 19:39:06,407 [main] INFO Banking Application - Successfully Clicked On Bank Manager Login Button!
2024-02-25 19:39:09,366 [main] INFO Banking Application - Browser Closed Successfully!
2024-02-25 19:42:24,498 [main] INFO Banking Application - Chrome browser launched successfully!
2024-02-25 19:42:24,792 [main] INFO Banking Application - Browser Maximized Successfully!
2024-02-25 19:42:26,420 [main] INFO Banking Application - https://www.way2automation.com/angularjs-protractor/banking/#/login : Url Opened Successfully!
2024-02-25 19:42:30,009 [main] INFO Banking Application - Successfully Clicked On Bank Manager Login Button!
2024-02-25 19:42:31,855 [main] INFO Banking Application - Browser Closed Successfully!
2024-02-25 19:47:38,994 [main] INFO Banking Application - Chrome browser launched successfully!
2024-02-25 19:47:39,349 [main] INFO Banking Application - Browser Maximized Successfully!
2024-02-25 19:47:41,365 [main] INFO Banking Application - https://www.way2automation.com/angularjs-protractor/banking/#/login : Url Opened Successfully!
2024-02-25 19:47:45,294 [main] INFO Banking Application - Successfully Clicked On Bank Manager Login Button!
2024-02-25 19:47:45,866 [main] INFO Banking Application - Successfully Clicked On Add Customer Button!
2024-02-25 19:47:46,728 [main] INFO Banking Application - Successfully Launched To Fill Customers Details!
2024-02-25 19:47:48,081 [main] INFO Banking Application - Browser Closed Successfully!
2024-02-25 20:20:55,285 [main] INFO Banking Application - Chrome browser launched successfully!
2024-02-25 20:20:55,832 [main] INFO Banking Application - Browser Maximized Successfully!
2024-02-25 20:20:57,955 [main] INFO Banking Application - https://www.way2automation.com/angularjs-protractor/banking/#/login : Url Opened Successfully!
2024-02-25 20:21:02,528 [main] INFO Banking Application - Successfully Clicked On Bank Manager Login Button!
2024-02-25 20:21:03,192 [main] INFO Banking Application - Successfully Clicked On Add Customer Button!
2024-02-25 20:21:07,287 [main] INFO Banking Application - Browser Closed Successfully!
2024-02-25 20:22:16,327 [main] INFO Banking Application - Chrome browser launched successfully!
2024-02-25 20:22:17,353 [main] INFO Banking Application - Browser Maximized Successfully!
2024-02-25 20:22:19,009 [main] INFO Banking Application - https://www.way2automation.com/angularjs-protractor/banking/#/login : Url Opened Successfully!
2024-02-25 20:22:22,769 [main] INFO Banking Application - Successfully Clicked On Bank Manager Login Button!
2024-02-25 20:22:25,936 [main] INFO Banking Application - Browser Closed Successfully!
2024-02-25 20:23:16,337 [main] INFO Banking Application - Chrome browser launched successfully!
2024-02-25 20:23:16,534 [main] INFO Banking Application - Browser Maximized Successfully!
2024-02-25 20:23:17,955 [main] INFO Banking Application - https://www.way2automation.com/angularjs-protractor/banking/#/login : Url Opened Successfully!
2024-02-25 20:23:21,629 [main] INFO Banking Application - Successfully Clicked On Bank Manager Login Button!
2024-02-25 20:23:23,770 [main] INFO Banking Application - Browser Closed Successfully!
2024-02-25 20:24:39,800 [main] INFO Banking Application - Chrome browser launched successfully!
2024-02-25 20:24:40,037 [main] INFO Banking Application - Browser Maximized Successfully!
2024-02-25 20:24:41,559 [main] INFO Banking Application - https://www.way2automation.com/angularjs-protractor/banking/#/login : Url Opened Successfully!
2024-02-25 20:24:45,667 [main] INFO Banking Application - Successfully Clicked On Bank Manager Login Button!
2024-02-25 20:24:48,036 [main] INFO Banking Application - Browser Closed Successfully!
2024-02-25 20:32:38,717 [main] INFO Banking Application - Chrome browser launched successfully!
2024-02-25 20:32:38,973 [main] INFO Banking Application - Browser Maximized Successfully!
2024-02-25 20:32:41,075 [main] INFO Banking Application - https://www.way2automation.com/angularjs-protractor/banking/#/login : Url Opened Successfully!
2024-02-25 20:32:44,909 [main] INFO Banking Application - Successfully Clicked On Bank Manager Login Button!
2024-02-25 20:32:47,648 [main] INFO Banking Application - Browser Closed Successfully!
2024-02-25 20:38:11,402 [main] INFO Banking Application - Chrome browser launched successfully!
2024-02-25 20:38:11,959 [main] INFO Banking Application - Browser Maximized Successfully!
2024-02-25 20:38:16,237 [main] INFO Banking Application - https://www.way2automation.com/angularjs-protractor/banking/#/login : Url Opened Successfully!
2024-02-25 20:38:21,623 [main] INFO Banking Application - Successfully Clicked On Bank Manager Login Button!
2024-02-25 20:38:24,525 [main] INFO Banking Application - Browser Closed Successfully!
2024-02-25 20:49:07,880 [main] INFO Banking Application - Chrome browser launched successfully!
2024-02-25 20:49:08,162 [main] INFO Banking Application - Browser Maximized Successfully!
2024-02-25 20:49:10,570 [main] INFO Banking Application - https://www.way2automation.com/angularjs-protractor/banking/#/login : Url Opened Successfully!
2024-02-25 20:49:15,061 [main] INFO Banking Application - Successfully Clicked On Bank Manager Login Button!
2024-02-25 20:49:17,705 [main] INFO Banking Application - Browser Closed Successfully!
2024-02-25 20:50:09,831 [main] INFO Banking Application - Chrome browser launched successfully!
2024-02-25 20:50:10,118 [main] INFO Banking Application - Browser Maximized Successfully!
2024-02-25 20:50:12,309 [main] INFO Banking Application - https://www.way2automation.com/angularjs-protractor/banking/#/login : Url Opened Successfully!
2024-02-25 20:50:16,797 [main] INFO Banking Application - Successfully Clicked On Bank Manager Login Button!
2024-02-25 20:50:17,025 [main] INFO Banking Application - Successfully Clicked On Add Customer Button!
2024-02-25 20:50:19,262 [main] INFO Banking Application - Browser Closed Successfully!
2024-02-25 20:55:57,183 [main] INFO Banking Application - Chrome browser launched successfully!
2024-02-25 20:55:57,576 [main] INFO Banking Application - Browser Maximized Successfully!
2024-02-25 20:55:59,837 [main] INFO Banking Application - https://www.way2automation.com/angularjs-protractor/banking/#/login : Url Opened Successfully!
2024-02-25 20:56:04,129 [main] INFO Banking Application - Successfully Clicked On Bank Manager Login Button!
2024-02-25 20:56:04,322 [main] INFO Banking Application - Successfully Clicked On Add Customer Button!
2024-02-25 20:56:06,314 [main] INFO Banking Application - Browser Closed Successfully!
2024-02-25 21:03:46,471 [main] INFO Banking Application - Chrome browser launched successfully!
2024-02-25 21:03:47,219 [main] INFO Banking Application - Browser Maximized Successfully!
2024-02-25 21:03:50,817 [main] INFO Banking Application - https://www.way2automation.com/angularjs-protractor/banking/#/login : Url Opened Successfully!
2024-02-25 21:03:55,130 [main] INFO Banking Application - Successfully Clicked On Bank Manager Login Button!
2024-02-25 21:03:55,822 [main] INFO Banking Application - Successfully Clicked On Add Customer Button!
2024-02-25 21:04:03,101 [main] INFO Banking Application - Browser Closed Successfully!
2024-02-28 20:31:20,321 [main] INFO Banking Application - Chrome browser launched successfully!
2024-02-28 20:31:20,796 [main] INFO Banking Application - Browser Maximized Successfully!
2024-02-28 20:31:23,015 [main] INFO Banking Application - https://www.way2automation.com/angularjs-protractor/banking/#/login : Url Opened Successfully!
2024-02-28 20:31:28,136 [main] INFO Banking Application - Successfully Clicked On Bank Manager Login Button!
2024-02-28 20:31:28,847 [main] INFO Banking Application - Successfully Clicked On Add Customer Button!
2024-02-28 20:31:36,894 [main] INFO Banking Application - Browser Closed Successfully!
2024-03-01 16:25:56,809 [main] INFO Banking Application - Chrome browser launched successfully!
2024-03-01 16:25:57,379 [main] INFO Banking Application - Browser Maximized Successfully!
2024-03-01 16:26:00,628 [main] INFO Banking Application - https://www.way2automation.com/angularjs-protractor/banking/#/login : Url Opened Successfully!
2024-03-01 16:26:04,433 [main] INFO Banking Application - Successfully Clicked On Bank Manager Login Button!
2024-03-01 16:26:04,839 [main] INFO Banking Application - Successfully Clicked On Add Customer Button!
2024-03-01 16:26:08,230 [main] INFO Banking Application - Browser Closed Successfully!
2024-03-01 17:19:28,420 [main] INFO Banking Application - Chrome browser launched successfully!
2024-03-01 17:19:28,715 [main] INFO Banking Application - Browser Maximized Successfully!
2024-03-01 17:19:31,959 [main] INFO Banking Application - https://www.way2automation.com/angularjs-protractor/banking/#/login : Url Opened Successfully!
2024-03-01 17:19:36,085 [main] INFO Banking Application - Successfully Clicked On Bank Manager Login Button!
2024-03-01 17:19:36,369 [main] INFO Banking Application - Successfully Clicked On Add Customer Button!
2024-03-01 17:19:43,610 [main] INFO Banking Application - Browser Closed Successfully!
