2024-02-20 16:02:04,288 - Banking Application -INFO - Chrome browser launched successfully!
2024-02-20 16:02:05,092 - Banking Application -INFO - Browser Maximized Successfully!
2024-02-20 16:02:12,731 - Banking Application -INFO - Url Opened Successfully!
2024-02-20 16:03:48,875 - Banking Application -INFO - Chrome browser launched successfully!
2024-02-20 16:03:49,590 - Banking Application -INFO - Browser Maximized Successfully!
2024-02-20 16:03:57,961 - Banking Application -INFO - Url Opened Successfully!
2024-02-20 16:04:01,924 - Banking Application -INFO - Browser Closed Successfully!
2024-02-20 16:38:08,319 - Banking Application -INFO - Chromebrowser launched successfully!
2024-02-20 16:38:09,020 - Banking Application -INFO - Browser Maximized Successfully!
2024-02-20 16:38:10,826 - Banking Application -INFO - Url Opened Successfully!
2024-02-20 16:38:15,284 - Banking Application -INFO - Browser Closed Successfully!
2024-02-20 16:39:14,559 - Banking Application -INFO - Chrome browser launched successfully!
2024-02-20 16:39:15,134 - Banking Application -INFO - Browser Maximized Successfully!
2024-02-20 16:39:18,074 - Banking Application -INFO - Url Opened Successfully!
2024-02-20 16:39:22,664 - Banking Application -INFO - Browser Closed Successfully!
2024-02-20 16:40:19,540 - Banking Application -INFO - Chrome browser launched successfully!
2024-02-20 16:40:19,808 - Banking Application -INFO - Browser Maximized Successfully!
2024-02-20 16:40:21,492 - Banking Application -INFO - https://www.way2automation.com/angularjs-protractor/banking/#/login : Url Opened Successfully!
2024-02-20 16:40:25,432 - Banking Application -INFO - Browser Closed Successfully!
2024-02-20 18:02:02,470 - Banking Application -INFO - Chrome browser launched successfully!
2024-02-20 18:02:02,831 - Banking Application -INFO - Browser Maximized Successfully!
2024-02-20 18:02:10,651 - Banking Application -INFO - https://www.way2automation.com/angularjs-protractor/banking/#/login : Url Opened Successfully!
2024-02-20 18:02:14,836 - Banking Application -INFO - Browser Closed Successfully!
2024-02-20 18:06:11,159 - Banking Application -INFO - FireFox browser launched successfully!
2024-02-20 18:06:11,327 - Banking Application -INFO - Browser Maximized Successfully!
2024-02-20 18:06:24,399 - Banking Application -INFO - https://www.way2automation.com/angularjs-protractor/banking/#/login : Url Opened Successfully!
2024-02-20 18:06:33,741 - Banking Application -INFO - Browser Closed Successfully!
2024-02-20 18:08:15,473 - Banking Application -INFO - FireFox browser launched successfully!
2024-02-20 18:08:16,319 - Banking Application -INFO - Browser Maximized Successfully!
2024-02-20 18:08:21,738 - Banking Application -INFO - https://www.way2automation.com/angularjs-protractor/banking/#/login : Url Opened Successfully!
2024-02-20 18:08:30,672 - Banking Application -INFO - Browser Closed Successfully!
2024-02-20 18:08:49,411 - Banking Application -INFO - FireFox browser launched successfully!
2024-02-20 18:08:49,568 - Banking Application -INFO - Browser Maximized Successfully!
2024-02-20 18:08:57,586 - Banking Application -INFO - https://www.way2automation.com/angularjs-protractor/banking/#/login : Url Opened Successfully!
2024-02-20 18:09:04,600 - Banking Application -INFO - Browser Closed Successfully!
2024-02-20 18:31:07,444 - Banking Application -INFO - Chrome browser launched successfully!
2024-02-20 18:31:07,697 - Banking Application -INFO - Browser Maximized Successfully!
2024-02-20 18:31:11,298 - Banking Application -INFO - https://www.way2automation.com/angularjs-protractor/banking/#/login : Url Opened Successfully!
2024-02-20 18:31:11,712 - Banking Application -INFO - Successfully Clicked On Bank Manager Login Button!
2024-02-20 18:31:12,029 - Banking Application -INFO - Successfully Clicked On Add Customer Button!
2024-02-20 18:31:12,175 - Banking Application -INFO - Successfully Launched To Fill Customers Details!
2024-02-20 18:31:15,826 - Banking Application -INFO - Browser Closed Successfully!
2024-02-20 18:37:19,505 - Banking Application -INFO - Chrome browser launched successfully!
2024-02-20 18:37:19,938 - Banking Application -INFO - Browser Maximized Successfully!
2024-02-20 18:37:24,636 - Banking Application -INFO - https://www.way2automation.com/angularjs-protractor/banking/#/login : Url Opened Successfully!
2024-02-20 18:37:25,381 - Banking Application -INFO - Successfully Clicked On Bank Manager Login Button!
2024-02-20 18:37:25,600 - Banking Application -INFO - Successfully Clicked On Add Customer Button!
2024-02-20 18:37:30,442 - Banking Application -INFO - Browser Closed Successfully!
2024-02-20 18:38:13,521 - Banking Application -INFO - Chrome browser launched successfully!
2024-02-20 18:38:13,808 - Banking Application -INFO - Browser Maximized Successfully!
2024-02-20 18:38:16,873 - Banking Application -INFO - https://www.way2automation.com/angularjs-protractor/banking/#/login : Url Opened Successfully!
2024-02-20 18:38:17,336 - Banking Application -INFO - Successfully Clicked On Bank Manager Login Button!
2024-02-20 18:38:17,843 - Banking Application -INFO - Successfully Clicked On Add Customer Button!
2024-02-20 18:38:18,020 - Banking Application -INFO - Successfully Launched To Fill Customers Details!
2024-02-20 18:38:21,957 - Banking Application -INFO - Browser Closed Successfully!
2024-02-20 18:39:46,915 - Banking Application -INFO - Chrome browser launched successfully!
2024-02-20 18:39:47,276 - Banking Application -INFO - Browser Maximized Successfully!
2024-02-20 18:39:48,419 - Banking Application -INFO - https://www.way2automation.com/angularjs-protractor/banking/#/login : Url Opened Successfully!
2024-02-20 18:41:01,389 - Banking Application -INFO - Chrome browser launched successfully!
2024-02-20 18:41:01,747 - Banking Application -INFO - Browser Maximized Successfully!
2024-02-20 18:41:07,747 - Banking Application -INFO - https://www.way2automation.com/angularjs-protractor/banking/#/login : Url Opened Successfully!
2024-02-20 18:41:08,214 - Banking Application -INFO - Successfully Clicked On Bank Manager Login Button!
2024-02-20 18:41:08,357 - Banking Application -INFO - Successfully Clicked On Add Customer Button!
2024-02-20 18:41:08,502 - Banking Application -INFO - Successfully Launched To Fill Customers Details!
2024-02-20 18:41:12,794 - Banking Application -INFO - Browser Closed Successfully!
2024-02-20 20:26:40,417 - Banking Application -INFO - Chrome browser launched successfully!
2024-02-20 20:26:40,689 - Banking Application -INFO - Browser Maximized Successfully!
2024-02-20 20:26:42,887 - Banking Application -INFO - https://www.way2automation.com/angularjs-protractor/banking/#/login : Url Opened Successfully!
2024-02-20 20:26:43,508 - Banking Application -INFO - Successfully Clicked On Bank Manager Login Button!
2024-02-20 20:26:45,812 - Banking Application -INFO - Browser Closed Successfully!
2024-02-20 20:28:48,874 - Banking Application -INFO - Chrome browser launched successfully!
2024-02-20 20:28:49,132 - Banking Application -INFO - Browser Maximized Successfully!
2024-02-20 20:28:50,394 - Banking Application -INFO - https://www.way2automation.com/angularjs-protractor/banking/#/login : Url Opened Successfully!
2024-02-20 20:28:53,952 - Banking Application -INFO - Successfully Clicked On Bank Manager Login Button!
2024-02-20 20:28:54,109 - Banking Application -INFO - Successfully Clicked On Add Customer Button!
2024-02-20 20:28:54,309 - Banking Application -INFO - Successfully Launched To Fill Customers Details!
2024-02-20 20:28:56,981 - Banking Application -INFO - Browser Closed Successfully!
2024-02-21 15:19:53,182 - Banking Application -INFO - Chrome browser launched successfully!
2024-02-21 15:19:53,552 - Banking Application -INFO - Browser Maximized Successfully!
2024-02-21 15:19:58,453 - Banking Application -INFO - https://www.way2automation.com/angularjs-protractor/banking/#/login : Url Opened Successfully!
2024-02-21 15:20:02,792 - Banking Application -INFO - Successfully Clicked On Bank Manager Login Button!
2024-02-21 15:20:03,451 - Banking Application -INFO - Successfully Clicked On Add Customer Button!
2024-02-21 15:20:03,956 - Banking Application -INFO - Successfully Launched To Fill Customers Details!
2024-02-21 15:20:09,213 - Banking Application -INFO - Browser Closed Successfully!
2024-02-21 18:37:11,850 - Banking Application -INFO - Chrome browser launched successfully!
2024-02-21 18:37:12,142 - Banking Application -INFO - Browser Maximized Successfully!
2024-02-21 18:37:14,680 - Banking Application -INFO - https://www.way2automation.com/angularjs-protractor/banking/#/login : Url Opened Successfully!
2024-02-21 18:37:19,776 - Banking Application -INFO - Successfully Clicked On Bank Manager Login Button!
2024-02-21 18:37:23,342 - Banking Application -INFO - Browser Closed Successfully!
2024-02-25 18:55:33,612 - Banking Application -INFO - Chrome browser launched successfully!
2024-02-25 18:55:34,026 - Banking Application -INFO - Browser Maximized Successfully!
2024-02-25 18:55:36,188 - Banking Application -INFO - https://www.way2automation.com/angularjs-protractor/banking/#/login : Url Opened Successfully!
2024-02-25 18:55:40,347 - Banking Application -INFO - Successfully Clicked On Bank Manager Login Button!
2024-02-25 18:55:41,504 - Banking Application -INFO - Successfully Clicked On Add Customer Button!
2024-02-25 18:55:42,525 - Banking Application -INFO - Successfully Launched To Fill Customers Details!
2024-02-25 18:55:57,278 - Banking Application -INFO - Browser Closed Successfully!
2024-02-25 19:06:45,378 - Banking Application -INFO - Chrome browser launched successfully!
2024-02-25 19:06:46,048 - Banking Application -INFO - Browser Maximized Successfully!
2024-02-25 19:06:49,672 - Banking Application -INFO - https://www.way2automation.com/angularjs-protractor/banking/#/login : Url Opened Successfully!
2024-02-25 19:06:53,441 - Banking Application -INFO - Successfully Clicked On Bank Manager Login Button!
2024-02-25 19:07:07,566 - Banking Application -INFO - Browser Closed Successfully!
2024-02-25 19:14:53,303 - Banking Application -INFO - Chrome browser launched successfully!
2024-02-25 19:14:53,768 - Banking Application -INFO - Browser Maximized Successfully!
2024-02-25 19:14:55,817 - Banking Application -INFO - https://www.way2automation.com/angularjs-protractor/banking/#/login : Url Opened Successfully!
2024-02-25 19:14:59,574 - Banking Application -INFO - Successfully Clicked On Bank Manager Login Button!
2024-02-25 19:14:59,888 - Banking Application -INFO - Successfully Clicked On Add Customer Button!
2024-02-25 19:15:02,894 - Banking Application -INFO - Browser Closed Successfully!
2024-02-25 19:30:32,309 - Banking Application -INFO - Chrome browser launched successfully!
2024-02-25 19:30:32,893 - Banking Application -INFO - Browser Maximized Successfully!
2024-02-25 19:30:35,200 - Banking Application -INFO - https://www.way2automation.com/angularjs-protractor/banking/#/login : Url Opened Successfully!
2024-02-25 19:30:40,579 - Banking Application -INFO - Successfully Clicked On Bank Manager Login Button!
2024-02-25 19:30:40,906 - Banking Application -INFO - Successfully Clicked On Add Customer Button!
2024-02-25 19:30:43,569 - Banking Application -INFO - Browser Closed Successfully!
2024-02-25 19:39:00,971 - Banking Application -INFO - Chrome browser launched successfully!
2024-02-25 19:39:01,220 - Banking Application -INFO - Browser Maximized Successfully!
2024-02-25 19:39:02,850 - Banking Application -INFO - https://www.way2automation.com/angularjs-protractor/banking/#/login : Url Opened Successfully!
2024-02-25 19:39:06,407 - Banking Application -INFO - Successfully Clicked On Bank Manager Login Button!
2024-02-25 19:39:09,366 - Banking Application -INFO - Browser Closed Successfully!
2024-02-25 19:42:24,498 - Banking Application -INFO - Chrome browser launched successfully!
2024-02-25 19:42:24,792 - Banking Application -INFO - Browser Maximized Successfully!
2024-02-25 19:42:26,420 - Banking Application -INFO - https://www.way2automation.com/angularjs-protractor/banking/#/login : Url Opened Successfully!
2024-02-25 19:42:30,009 - Banking Application -INFO - Successfully Clicked On Bank Manager Login Button!
2024-02-25 19:42:31,855 - Banking Application -INFO - Browser Closed Successfully!
2024-02-25 19:47:38,994 - Banking Application -INFO - Chrome browser launched successfully!
2024-02-25 19:47:39,349 - Banking Application -INFO - Browser Maximized Successfully!
2024-02-25 19:47:41,365 - Banking Application -INFO - https://www.way2automation.com/angularjs-protractor/banking/#/login : Url Opened Successfully!
2024-02-25 19:47:45,294 - Banking Application -INFO - Successfully Clicked On Bank Manager Login Button!
2024-02-25 19:47:45,866 - Banking Application -INFO - Successfully Clicked On Add Customer Button!
2024-02-25 19:47:46,728 - Banking Application -INFO - Successfully Launched To Fill Customers Details!
2024-02-25 19:47:48,081 - Banking Application -INFO - Browser Closed Successfully!
2024-02-25 20:20:55,285 - Banking Application -INFO - Chrome browser launched successfully!
2024-02-25 20:20:55,832 - Banking Application -INFO - Browser Maximized Successfully!
2024-02-25 20:20:57,955 - Banking Application -INFO - https://www.way2automation.com/angularjs-protractor/banking/#/login : Url Opened Successfully!
2024-02-25 20:21:02,528 - Banking Application -INFO - Successfully Clicked On Bank Manager Login Button!
2024-02-25 20:21:03,192 - Banking Application -INFO - Successfully Clicked On Add Customer Button!
2024-02-25 20:21:07,287 - Banking Application -INFO - Browser Closed Successfully!
2024-02-25 20:22:16,327 - Banking Application -INFO - Chrome browser launched successfully!
2024-02-25 20:22:17,353 - Banking Application -INFO - Browser Maximized Successfully!
2024-02-25 20:22:19,009 - Banking Application -INFO - https://www.way2automation.com/angularjs-protractor/banking/#/login : Url Opened Successfully!
2024-02-25 20:22:22,769 - Banking Application -INFO - Successfully Clicked On Bank Manager Login Button!
2024-02-25 20:22:25,936 - Banking Application -INFO - Browser Closed Successfully!
2024-02-25 20:23:16,337 - Banking Application -INFO - Chrome browser launched successfully!
2024-02-25 20:23:16,534 - Banking Application -INFO - Browser Maximized Successfully!
2024-02-25 20:23:17,955 - Banking Application -INFO - https://www.way2automation.com/angularjs-protractor/banking/#/login : Url Opened Successfully!
2024-02-25 20:23:21,629 - Banking Application -INFO - Successfully Clicked On Bank Manager Login Button!
2024-02-25 20:23:23,770 - Banking Application -INFO - Browser Closed Successfully!
2024-02-25 20:24:39,800 - Banking Application -INFO - Chrome browser launched successfully!
2024-02-25 20:24:40,037 - Banking Application -INFO - Browser Maximized Successfully!
2024-02-25 20:24:41,559 - Banking Application -INFO - https://www.way2automation.com/angularjs-protractor/banking/#/login : Url Opened Successfully!
2024-02-25 20:24:45,667 - Banking Application -INFO - Successfully Clicked On Bank Manager Login Button!
2024-02-25 20:24:48,036 - Banking Application -INFO - Browser Closed Successfully!
2024-02-25 20:32:38,717 - Banking Application -INFO - Chrome browser launched successfully!
2024-02-25 20:32:38,973 - Banking Application -INFO - Browser Maximized Successfully!
2024-02-25 20:32:41,075 - Banking Application -INFO - https://www.way2automation.com/angularjs-protractor/banking/#/login : Url Opened Successfully!
2024-02-25 20:32:44,909 - Banking Application -INFO - Successfully Clicked On Bank Manager Login Button!
2024-02-25 20:32:47,648 - Banking Application -INFO - Browser Closed Successfully!
2024-02-25 20:38:11,402 - Banking Application -INFO - Chrome browser launched successfully!
2024-02-25 20:38:11,959 - Banking Application -INFO - Browser Maximized Successfully!
2024-02-25 20:38:16,237 - Banking Application -INFO - https://www.way2automation.com/angularjs-protractor/banking/#/login : Url Opened Successfully!
2024-02-25 20:38:21,623 - Banking Application -INFO - Successfully Clicked On Bank Manager Login Button!
2024-02-25 20:38:24,525 - Banking Application -INFO - Browser Closed Successfully!
2024-02-25 20:49:07,880 - Banking Application -INFO - Chrome browser launched successfully!
2024-02-25 20:49:08,162 - Banking Application -INFO - Browser Maximized Successfully!
2024-02-25 20:49:10,570 - Banking Application -INFO - https://www.way2automation.com/angularjs-protractor/banking/#/login : Url Opened Successfully!
2024-02-25 20:49:15,061 - Banking Application -INFO - Successfully Clicked On Bank Manager Login Button!
2024-02-25 20:49:17,705 - Banking Application -INFO - Browser Closed Successfully!
2024-02-25 20:50:09,831 - Banking Application -INFO - Chrome browser launched successfully!
2024-02-25 20:50:10,118 - Banking Application -INFO - Browser Maximized Successfully!
2024-02-25 20:50:12,309 - Banking Application -INFO - https://www.way2automation.com/angularjs-protractor/banking/#/login : Url Opened Successfully!
2024-02-25 20:50:16,797 - Banking Application -INFO - Successfully Clicked On Bank Manager Login Button!
2024-02-25 20:50:17,025 - Banking Application -INFO - Successfully Clicked On Add Customer Button!
2024-02-25 20:50:19,262 - Banking Application -INFO - Browser Closed Successfully!
2024-02-25 20:55:57,183 - Banking Application -INFO - Chrome browser launched successfully!
2024-02-25 20:55:57,576 - Banking Application -INFO - Browser Maximized Successfully!
2024-02-25 20:55:59,837 - Banking Application -INFO - https://www.way2automation.com/angularjs-protractor/banking/#/login : Url Opened Successfully!
2024-02-25 20:56:04,129 - Banking Application -INFO - Successfully Clicked On Bank Manager Login Button!
2024-02-25 20:56:04,322 - Banking Application -INFO - Successfully Clicked On Add Customer Button!
2024-02-25 20:56:06,314 - Banking Application -INFO - Browser Closed Successfully!
2024-02-25 21:03:46,471 - Banking Application -INFO - Chrome browser launched successfully!
2024-02-25 21:03:47,219 - Banking Application -INFO - Browser Maximized Successfully!
2024-02-25 21:03:50,817 - Banking Application -INFO - https://www.way2automation.com/angularjs-protractor/banking/#/login : Url Opened Successfully!
2024-02-25 21:03:55,130 - Banking Application -INFO - Successfully Clicked On Bank Manager Login Button!
2024-02-25 21:03:55,822 - Banking Application -INFO - Successfully Clicked On Add Customer Button!
2024-02-25 21:04:03,101 - Banking Application -INFO - Browser Closed Successfully!
2024-02-28 20:31:20,321 - Banking Application -INFO - Chrome browser launched successfully!
2024-02-28 20:31:20,796 - Banking Application -INFO - Browser Maximized Successfully!
2024-02-28 20:31:23,015 - Banking Application -INFO - https://www.way2automation.com/angularjs-protractor/banking/#/login : Url Opened Successfully!
2024-02-28 20:31:28,136 - Banking Application -INFO - Successfully Clicked On Bank Manager Login Button!
2024-02-28 20:31:28,847 - Banking Application -INFO - Successfully Clicked On Add Customer Button!
2024-02-28 20:31:36,894 - Banking Application -INFO - Browser Closed Successfully!
2024-03-01 16:25:56,809 - Banking Application -INFO - Chrome browser launched successfully!
2024-03-01 16:25:57,379 - Banking Application -INFO - Browser Maximized Successfully!
2024-03-01 16:26:00,628 - Banking Application -INFO - https://www.way2automation.com/angularjs-protractor/banking/#/login : Url Opened Successfully!
2024-03-01 16:26:04,433 - Banking Application -INFO - Successfully Clicked On Bank Manager Login Button!
2024-03-01 16:26:04,839 - Banking Application -INFO - Successfully Clicked On Add Customer Button!
2024-03-01 16:26:08,230 - Banking Application -INFO - Browser Closed Successfully!
2024-03-01 17:19:28,420 - Banking Application -INFO - Chrome browser launched successfully!
2024-03-01 17:19:28,715 - Banking Application -INFO - Browser Maximized Successfully!
2024-03-01 17:19:31,959 - Banking Application -INFO - https://www.way2automation.com/angularjs-protractor/banking/#/login : Url Opened Successfully!
2024-03-01 17:19:36,085 - Banking Application -INFO - Successfully Clicked On Bank Manager Login Button!
2024-03-01 17:19:36,369 - Banking Application -INFO - Successfully Clicked On Add Customer Button!
2024-03-01 17:19:43,610 - Banking Application -INFO - Browser Closed Successfully!
